[debug] [2024-07-28T13:32:26.211Z] ----------------------------------------------------------------------
[debug] [2024-07-28T13:32:26.214Z] Command:       C:\Program Files\nodejs\node.exe C:\Users\adviti\AppData\Roaming\npm\node_modules\firebase-tools\lib\bin\firebase.js emulators:start
[debug] [2024-07-28T13:32:26.215Z] CLI Version:   13.14.2
[debug] [2024-07-28T13:32:26.215Z] Platform:      win32
[debug] [2024-07-28T13:32:26.215Z] Node Version:  v18.20.4
[debug] [2024-07-28T13:32:26.216Z] Time:          Sun Jul 28 2024 19:02:26 GMT+0530 (India Standard Time)
[debug] [2024-07-28T13:32:26.216Z] ----------------------------------------------------------------------
[debug] 
[debug] [2024-07-28T13:32:26.393Z] > command requires scopes: ["email","openid","https://www.googleapis.com/auth/cloudplatformprojects.readonly","https://www.googleapis.com/auth/firebase","https://www.googleapis.com/auth/cloud-platform"]
[debug] [2024-07-28T13:32:26.395Z] > authorizing via signed-in user (advitigangwar123@gmail.com)
[info] i  emulators: Starting emulators: functions {"metadata":{"emulator":{"name":"hub"},"message":"Starting emulators: functions"}}
[debug] [2024-07-28T13:32:26.416Z] [logging] Logging Emulator only supports listening on one address (127.0.0.1). Not listening on ::1
[debug] [2024-07-28T13:32:26.416Z] assigned listening specs for emulators {"user":{"hub":[{"address":"127.0.0.1","family":"IPv4","port":4400},{"address":"::1","family":"IPv6","port":4400}],"ui":[{"address":"127.0.0.1","family":"IPv4","port":4000},{"address":"::1","family":"IPv6","port":4000}],"logging":[{"address":"127.0.0.1","family":"IPv4","port":4500}]},"metadata":{"message":"assigned listening specs for emulators"}}
[debug] [2024-07-28T13:32:26.423Z] [hub] writing locator at C:\Users\adviti\AppData\Local\Temp\hub-edu-tech-a53de.json
[debug] [2024-07-28T13:32:26.463Z] [functions] Functions Emulator only supports listening on one address (127.0.0.1). Not listening on ::1
[debug] [2024-07-28T13:32:26.464Z] [eventarc] Eventarc Emulator only supports listening on one address (127.0.0.1). Not listening on ::1
[debug] [2024-07-28T13:32:26.464Z] late-assigned ports for functions and eventarc emulators {"user":{"hub":[{"address":"127.0.0.1","family":"IPv4","port":4400},{"address":"::1","family":"IPv6","port":4400}],"ui":[{"address":"127.0.0.1","family":"IPv4","port":4000},{"address":"::1","family":"IPv6","port":4000}],"logging":[{"address":"127.0.0.1","family":"IPv4","port":4500}],"functions":[{"address":"127.0.0.1","family":"IPv4","port":5001}],"eventarc":[{"address":"127.0.0.1","family":"IPv4","port":9299}]},"metadata":{"message":"late-assigned ports for functions and eventarc emulators"}}
[warn] !  functions: The following emulators are not running, calls to these services from the Functions emulator will affect production: auth, firestore, database, hosting, pubsub, storage, dataconnect {"metadata":{"emulator":{"name":"functions"},"message":"The following emulators are not running, calls to these services from the Functions emulator will affect production: \u001b[1mauth, firestore, database, hosting, pubsub, storage, dataconnect\u001b[22m"}}
[debug] [2024-07-28T13:32:26.472Z] defaultcredentials: writing to file C:\Users\adviti\AppData\Roaming\firebase\advitigangwar123_gmail_com_application_default_credentials.json
[debug] [2024-07-28T13:32:26.480Z] Setting GAC to C:\Users\adviti\AppData\Roaming\firebase\advitigangwar123_gmail_com_application_default_credentials.json {"metadata":{"emulator":{"name":"functions"},"message":"Setting GAC to C:\\Users\\adviti\\AppData\\Roaming\\firebase\\advitigangwar123_gmail_com_application_default_credentials.json"}}
[debug] [2024-07-28T13:32:26.483Z] > refreshing access token with scopes: []
[debug] [2024-07-28T13:32:26.486Z] >>> [apiv2][query] POST https://www.googleapis.com/oauth2/v3/token [none]
[debug] [2024-07-28T13:32:26.487Z] >>> [apiv2][body] POST https://www.googleapis.com/oauth2/v3/token [omitted]
[debug] [2024-07-28T13:32:27.109Z] <<< [apiv2][status] POST https://www.googleapis.com/oauth2/v3/token 200
[debug] [2024-07-28T13:32:27.109Z] <<< [apiv2][body] POST https://www.googleapis.com/oauth2/v3/token [omitted]
[debug] [2024-07-28T13:32:27.137Z] >>> [apiv2][query] GET https://firebase.googleapis.com/v1beta1/projects/edu-tech-a53de/adminSdkConfig [none]
[debug] [2024-07-28T13:32:28.788Z] <<< [apiv2][status] GET https://firebase.googleapis.com/v1beta1/projects/edu-tech-a53de/adminSdkConfig 200
[debug] [2024-07-28T13:32:28.789Z] <<< [apiv2][body] GET https://firebase.googleapis.com/v1beta1/projects/edu-tech-a53de/adminSdkConfig {"projectId":"edu-tech-a53de","databaseURL":"https://edu-tech-a53de-default-rtdb.firebaseio.com","storageBucket":"edu-tech-a53de.appspot.com"}
[debug] [2024-07-28T13:32:28.816Z] Ignoring unsupported arg: auto_download {"metadata":{"emulator":{"name":"ui"},"message":"Ignoring unsupported arg: auto_download"}}
[debug] [2024-07-28T13:32:28.817Z] Ignoring unsupported arg: port {"metadata":{"emulator":{"name":"ui"},"message":"Ignoring unsupported arg: port"}}
[debug] [2024-07-28T13:32:28.817Z] Starting Emulator UI with command {"binary":"node","args":["C:\\Users\\adviti\\.cache\\firebase\\emulators\\ui-v1.13.0\\server\\server.mjs"],"optionalArgs":[],"joinArgs":false,"shell":false} {"metadata":{"emulator":{"name":"ui"},"message":"Starting Emulator UI with command {\"binary\":\"node\",\"args\":[\"C:\\\\Users\\\\adviti\\\\.cache\\\\firebase\\\\emulators\\\\ui-v1.13.0\\\\server\\\\server.mjs\"],\"optionalArgs\":[],\"joinArgs\":false,\"shell\":false}"}}
[info] i  ui: Emulator UI logging to ui-debug.log {"metadata":{"emulator":{"name":"ui"},"message":"Emulator UI logging to \u001b[1mui-debug.log\u001b[22m"}}
[debug] [2024-07-28T13:32:29.147Z] Web / API server started at 127.0.0.1:4000
 {"metadata":{"emulator":{"name":"ui"},"message":"Web / API server started at 127.0.0.1:4000\n"}}
[debug] [2024-07-28T13:32:29.147Z] Web / API server started at ::1:4000
 {"metadata":{"emulator":{"name":"ui"},"message":"Web / API server started at ::1:4000\n"}}
[info] i  functions: Watching "D:\GitHub\EduTech\edu-tech\functions" for Cloud Functions... {"metadata":{"emulator":{"name":"functions"},"message":"Watching \"D:\\GitHub\\EduTech\\edu-tech\\functions\" for Cloud Functions..."}}
[debug] [2024-07-28T13:32:29.291Z] Validating nodejs source
[debug] [2024-07-28T13:32:31.879Z] > [functions] package.json contents: {
  "name": "functions",
  "description": "Cloud Functions for Firebase",
  "scripts": {
    "lint": "eslint .",
    "serve": "firebase emulators:start --only functions",
    "shell": "firebase functions:shell",
    "start": "npm run shell",
    "deploy": "firebase deploy --only functions",
    "logs": "firebase functions:log"
  },
  "engines": {
    "node": "18"
  },
  "main": "index.js",
  "dependencies": {
    "cors": "^2.8.5",
    "firebase-admin": "^12.1.0",
    "firebase-functions": "^5.0.0",
    "stripe": "^16.5.0"
  },
  "devDependencies": {
    "eslint": "^8.15.0",
    "eslint-config-google": "^0.14.0",
    "firebase-functions-test": "^3.1.0"
  },
  "private": true
}
[debug] [2024-07-28T13:32:31.880Z] Building nodejs source
[debug] [2024-07-28T13:32:31.880Z] Failed to find version of module node: reached end of search path D:\GitHub\EduTech\edu-tech\functions\node_modules
[info] +  functions: Using node@18 from host. 
[debug] [2024-07-28T13:32:31.884Z] Could not find functions.yaml. Must use http discovery
[debug] [2024-07-28T13:32:31.895Z] Found firebase-functions binary at 'D:\GitHub\EduTech\edu-tech\functions\node_modules\.bin\firebase-functions'
[info] Serving at port 8591

[debug] [2024-07-28T13:32:33.057Z] Got response from /__/functions.yaml {"endpoints":{"createPaymentIntent":{"availableMemoryMb":null,"timeoutSeconds":null,"minInstances":null,"maxInstances":null,"ingressSettings":null,"concurrency":null,"serviceAccountEmail":null,"vpc":null,"platform":"gcfv2","labels":{},"httpsTrigger":{},"entryPoint":"createPaymentIntent"}},"specVersion":"v1alpha1","requiredAPIs":[]}
[info] +  functions: Loaded functions definitions from source: createPaymentIntent. {"metadata":{"emulator":{"name":"functions"},"message":"Loaded functions definitions from source: createPaymentIntent."}}
[info] +  functions[us-central1-createPaymentIntent]: http function initialized (http://127.0.0.1:5001/edu-tech-a53de/us-central1/createPaymentIntent). {"metadata":{"emulator":{"name":"functions"},"message":"\u001b[1mhttp\u001b[22m function initialized (http://127.0.0.1:5001/edu-tech-a53de/us-central1/createPaymentIntent)."}}
[info] 
┌─────────────────────────────────────────────────────────────┐
│ ✔  All emulators ready! It is now safe to connect your app. │
│ i  View Emulator UI at http://127.0.0.1:4000/               │
└─────────────────────────────────────────────────────────────┘

┌───────────┬────────────────┬─────────────────────────────────┐
│ Emulator  │ Host:Port      │ View in Emulator UI             │
├───────────┼────────────────┼─────────────────────────────────┤
│ Functions │ 127.0.0.1:5001 │ http://127.0.0.1:4000/functions │
└───────────┴────────────────┴─────────────────────────────────┘
  Emulator Hub running at 127.0.0.1:4400
  Other reserved ports: 4500

Issues? Report them at https://github.com/firebase/firebase-tools/issues and attach the *-debug.log files.
 
[debug] [2024-07-28T13:48:36.617Z] [work-queue] {"queuedWork":["/edu-tech-a53de/us-central1/createPaymentIntent-2024-07-28T13:48:36.598Z"],"queueLength":1,"runningWork":[],"workRunningCount":0}
[debug] [2024-07-28T13:48:36.683Z] [work-queue] {"queuedWork":[],"queueLength":0,"runningWork":["/edu-tech-a53de/us-central1/createPaymentIntent-2024-07-28T13:48:36.598Z"],"workRunningCount":1}
[debug] [2024-07-28T13:48:36.706Z] Accepted request POST /edu-tech-a53de/us-central1/createPaymentIntent --> us-central1-createPaymentIntent
[debug] [2024-07-28T13:48:36.904Z] [functions] Runtime ready! Sending request! {"metadata":{"emulator":{"name":"functions"},"message":"[functions] Runtime ready! Sending request!"}}
[debug] [2024-07-28T13:48:36.917Z] [functions] Got req.url=/edu-tech-a53de/us-central1/createPaymentIntent, mapping to path=/ {"metadata":{"emulator":{"name":"functions"},"message":"[functions] Got req.url=/edu-tech-a53de/us-central1/createPaymentIntent, mapping to path=/"}}
[debug] [2024-07-28T13:48:37.137Z] [worker-pool] addWorker(us-central1-createPaymentIntent) {"metadata":{"emulator":{"name":"functions"},"message":"[worker-pool] addWorker(us-central1-createPaymentIntent)"}}
[debug] [2024-07-28T13:48:37.154Z] [worker-pool] Adding worker with key us-central1-createPaymentIntent, total=1 {"metadata":{"emulator":{"name":"functions"},"message":"[worker-pool] Adding worker with key us-central1-createPaymentIntent, total=1"}}
[debug] [2024-07-28T13:48:41.571Z] [runtime-status] [24180] Resolved module firebase-admin {"declared":true,"installed":true,"version":"12.3.0","resolution":"D:\\GitHub\\EduTech\\edu-tech\\functions\\node_modules\\firebase-admin\\lib\\index.js"} {"metadata":{"emulator":{"name":"functions"},"function":{"name":"us-central1-createPaymentIntent"},"extension":{},"message":"[runtime-status] [24180] Resolved module firebase-admin {\"declared\":true,\"installed\":true,\"version\":\"12.3.0\",\"resolution\":\"D:\\\\GitHub\\\\EduTech\\\\edu-tech\\\\functions\\\\node_modules\\\\firebase-admin\\\\lib\\\\index.js\"}"}}
[debug] [2024-07-28T13:48:41.572Z] [runtime-status] [24180] Resolved module firebase-functions {"declared":true,"installed":true,"version":"5.0.1","resolution":"D:\\GitHub\\EduTech\\edu-tech\\functions\\node_modules\\firebase-functions\\lib\\v1\\index.js"} {"metadata":{"emulator":{"name":"functions"},"function":{"name":"us-central1-createPaymentIntent"},"extension":{},"message":"[runtime-status] [24180] Resolved module firebase-functions {\"declared\":true,\"installed\":true,\"version\":\"5.0.1\",\"resolution\":\"D:\\\\GitHub\\\\EduTech\\\\edu-tech\\\\functions\\\\node_modules\\\\firebase-functions\\\\lib\\\\v1\\\\index.js\"}"}}
[debug] [2024-07-28T13:48:41.574Z] [runtime-status] [24180] Outgoing network have been stubbed. [{"name":"http","status":"mocked"},{"name":"http","status":"mocked"},{"name":"https","status":"mocked"},{"name":"https","status":"mocked"},{"name":"net","status":"mocked"}] {"metadata":{"emulator":{"name":"functions"},"function":{"name":"us-central1-createPaymentIntent"},"extension":{},"message":"[runtime-status] [24180] Outgoing network have been stubbed. [{\"name\":\"http\",\"status\":\"mocked\"},{\"name\":\"http\",\"status\":\"mocked\"},{\"name\":\"https\",\"status\":\"mocked\"},{\"name\":\"https\",\"status\":\"mocked\"},{\"name\":\"net\",\"status\":\"mocked\"}]"}}
[debug] [2024-07-28T13:48:41.574Z] [runtime-status] [24180] Resolved module firebase-functions {"declared":true,"installed":true,"version":"5.0.1","resolution":"D:\\GitHub\\EduTech\\edu-tech\\functions\\node_modules\\firebase-functions\\lib\\v1\\index.js"} {"metadata":{"emulator":{"name":"functions"},"function":{"name":"us-central1-createPaymentIntent"},"extension":{},"message":"[runtime-status] [24180] Resolved module firebase-functions {\"declared\":true,\"installed\":true,\"version\":\"5.0.1\",\"resolution\":\"D:\\\\GitHub\\\\EduTech\\\\edu-tech\\\\functions\\\\node_modules\\\\firebase-functions\\\\lib\\\\v1\\\\index.js\"}"}}
[debug] [2024-07-28T13:48:45.308Z] [runtime-status] [24180] Checked functions.config() {"config":{}} {"metadata":{"emulator":{"name":"functions"},"function":{"name":"us-central1-createPaymentIntent"},"extension":{},"message":"[runtime-status] [24180] Checked functions.config() {\"config\":{}}"}}
[debug] [2024-07-28T13:48:45.310Z] [runtime-status] [24180] firebase-functions has been stubbed. {"functionsResolution":{"declared":true,"installed":true,"version":"5.0.1","resolution":"D:\\GitHub\\EduTech\\edu-tech\\functions\\node_modules\\firebase-functions\\lib\\v1\\index.js"}} {"metadata":{"emulator":{"name":"functions"},"function":{"name":"us-central1-createPaymentIntent"},"extension":{},"message":"[runtime-status] [24180] firebase-functions has been stubbed. {\"functionsResolution\":{\"declared\":true,\"installed\":true,\"version\":\"5.0.1\",\"resolution\":\"D:\\\\GitHub\\\\EduTech\\\\edu-tech\\\\functions\\\\node_modules\\\\firebase-functions\\\\lib\\\\v1\\\\index.js\"}}"}}
[debug] [2024-07-28T13:48:45.311Z] [runtime-status] [24180] Resolved module firebase-functions {"declared":true,"installed":true,"version":"5.0.1","resolution":"D:\\GitHub\\EduTech\\edu-tech\\functions\\node_modules\\firebase-functions\\lib\\v1\\index.js"} {"metadata":{"emulator":{"name":"functions"},"function":{"name":"us-central1-createPaymentIntent"},"extension":{},"message":"[runtime-status] [24180] Resolved module firebase-functions {\"declared\":true,\"installed\":true,\"version\":\"5.0.1\",\"resolution\":\"D:\\\\GitHub\\\\EduTech\\\\edu-tech\\\\functions\\\\node_modules\\\\firebase-functions\\\\lib\\\\v1\\\\index.js\"}"}}
[debug] [2024-07-28T13:48:45.315Z] [runtime-status] [24180] Resolved module firebase-admin {"declared":true,"installed":true,"version":"12.3.0","resolution":"D:\\GitHub\\EduTech\\edu-tech\\functions\\node_modules\\firebase-admin\\lib\\index.js"} {"metadata":{"emulator":{"name":"functions"},"function":{"name":"us-central1-createPaymentIntent"},"extension":{},"message":"[runtime-status] [24180] Resolved module firebase-admin {\"declared\":true,\"installed\":true,\"version\":\"12.3.0\",\"resolution\":\"D:\\\\GitHub\\\\EduTech\\\\edu-tech\\\\functions\\\\node_modules\\\\firebase-admin\\\\lib\\\\index.js\"}"}}
[debug] [2024-07-28T13:48:45.324Z] [runtime-status] [24180] Resolved module firebase-functions {"declared":true,"installed":true,"version":"5.0.1","resolution":"D:\\GitHub\\EduTech\\edu-tech\\functions\\node_modules\\firebase-functions\\lib\\v1\\index.js"} {"metadata":{"emulator":{"name":"functions"},"function":{"name":"us-central1-createPaymentIntent"},"extension":{},"message":"[runtime-status] [24180] Resolved module firebase-functions {\"declared\":true,\"installed\":true,\"version\":\"5.0.1\",\"resolution\":\"D:\\\\GitHub\\\\EduTech\\\\edu-tech\\\\functions\\\\node_modules\\\\firebase-functions\\\\lib\\\\v1\\\\index.js\"}"}}
[debug] [2024-07-28T13:48:45.326Z] [runtime-status] [24180] firebase-admin has been stubbed. {"adminResolution":{"declared":true,"installed":true,"version":"12.3.0","resolution":"D:\\GitHub\\EduTech\\edu-tech\\functions\\node_modules\\firebase-admin\\lib\\index.js"}} {"metadata":{"emulator":{"name":"functions"},"function":{"name":"us-central1-createPaymentIntent"},"extension":{},"message":"[runtime-status] [24180] firebase-admin has been stubbed. {\"adminResolution\":{\"declared\":true,\"installed\":true,\"version\":\"12.3.0\",\"resolution\":\"D:\\\\GitHub\\\\EduTech\\\\edu-tech\\\\functions\\\\node_modules\\\\firebase-admin\\\\lib\\\\index.js\"}}"}}
[debug] [2024-07-28T13:48:45.765Z] [runtime-status] [24180] initializeApp(DEFAULT) {"storageBucket":"edu-tech-a53de.appspot.com","databaseURL":"https://edu-tech-a53de-default-rtdb.firebaseio.com","projectId":"edu-tech-a53de"} {"metadata":{"emulator":{"name":"functions"},"function":{"name":"us-central1-createPaymentIntent"},"extension":{},"message":"[runtime-status] [24180] initializeApp(DEFAULT) {\"storageBucket\":\"edu-tech-a53de.appspot.com\",\"databaseURL\":\"https://edu-tech-a53de-default-rtdb.firebaseio.com\",\"projectId\":\"edu-tech-a53de\"}"}}
[debug] [2024-07-28T13:48:45.782Z] [runtime-status] [24180] Functions runtime initialized. {"cwd":"D:\\GitHub\\EduTech\\edu-tech\\functions","node_version":"18.20.4"} {"metadata":{"emulator":{"name":"functions"},"function":{"name":"us-central1-createPaymentIntent"},"extension":{},"message":"[runtime-status] [24180] Functions runtime initialized. {\"cwd\":\"D:\\\\GitHub\\\\EduTech\\\\edu-tech\\\\functions\",\"node_version\":\"18.20.4\"}"}}
[debug] [2024-07-28T13:48:45.783Z] [runtime-status] [24180] Listening to port: \\?\pipe\fire_emu_06b270ab47846308 {"metadata":{"emulator":{"name":"functions"},"function":{"name":"us-central1-createPaymentIntent"},"extension":{},"message":"[runtime-status] [24180] Listening to port: \\\\?\\pipe\\fire_emu_06b270ab47846308"}}
[debug] [2024-07-28T13:48:45.880Z] [worker-us-central1-createPaymentIntent-c837c1fb-ceb0-4492-820b-e5001d66488c]: IDLE {"metadata":{"emulator":{"name":"functions"},"function":{"name":"us-central1-createPaymentIntent"},"extension":{},"message":"[worker-us-central1-createPaymentIntent-c837c1fb-ceb0-4492-820b-e5001d66488c]: IDLE"}}
[debug] [2024-07-28T13:48:45.882Z] [worker-pool] submitRequest(triggerId=us-central1-createPaymentIntent) {"metadata":{"emulator":{"name":"functions"},"message":"[worker-pool] submitRequest(triggerId=us-central1-createPaymentIntent)"}}
[info] i  functions: Beginning execution of "us-central1-createPaymentIntent" {"metadata":{"emulator":{"name":"functions"},"function":{"name":"us-central1-createPaymentIntent"},"extension":{},"message":"Beginning execution of \"us-central1-createPaymentIntent\""}}
[debug] [2024-07-28T13:48:45.909Z] [worker-us-central1-createPaymentIntent-c837c1fb-ceb0-4492-820b-e5001d66488c]: BUSY {"metadata":{"emulator":{"name":"functions"},"function":{"name":"us-central1-createPaymentIntent"},"extension":{},"message":"[worker-us-central1-createPaymentIntent-c837c1fb-ceb0-4492-820b-e5001d66488c]: BUSY"}}
[info] >  {"error":"Invalid API Key provided: your-sec***-key","severity":"ERROR","message":"Error: Payment Intent creation failed\n    at entryFromArgs (D:\\GitHub\\EduTech\\edu-tech\\functions\\node_modules\\firebase-functions\\lib\\logger\\index.js:130:19)\n    at Object.error (D:\\GitHub\\EduTech\\edu-tech\\functions\\node_modules\\firebase-functions\\lib\\logger\\index.js:116:11)\n    at D:\\GitHub\\EduTech\\edu-tech\\functions\\index.js:30:14\n    at process.processTicksAndRejections (node:internal/process/task_queues:95:5)"} {"user":{"error":"Invalid API Key provided: your-sec***-key","severity":"ERROR","message":"Error: Payment Intent creation failed\n    at entryFromArgs (D:\\GitHub\\EduTech\\edu-tech\\functions\\node_modules\\firebase-functions\\lib\\logger\\index.js:130:19)\n    at Object.error (D:\\GitHub\\EduTech\\edu-tech\\functions\\node_modules\\firebase-functions\\lib\\logger\\index.js:116:11)\n    at D:\\GitHub\\EduTech\\edu-tech\\functions\\index.js:30:14\n    at process.processTicksAndRejections (node:internal/process/task_queues:95:5)"},"metadata":{"emulator":{"name":"functions"},"function":{"name":"us-central1-createPaymentIntent"},"extension":{},"message":"\u001b[90m> \u001b[39m {\"error\":\"Invalid API Key provided: your-sec***-key\",\"severity\":\"ERROR\",\"message\":\"Error: Payment Intent creation failed\\n    at entryFromArgs (D:\\\\GitHub\\\\EduTech\\\\edu-tech\\\\functions\\\\node_modules\\\\firebase-functions\\\\lib\\\\logger\\\\index.js:130:19)\\n    at Object.error (D:\\\\GitHub\\\\EduTech\\\\edu-tech\\\\functions\\\\node_modules\\\\firebase-functions\\\\lib\\\\logger\\\\index.js:116:11)\\n    at D:\\\\GitHub\\\\EduTech\\\\edu-tech\\\\functions\\\\index.js:30:14\\n    at process.processTicksAndRejections (node:internal/process/task_queues:95:5)\"}"}}
[debug] [2024-07-28T13:48:47.841Z] Finishing up request with event=pause {"metadata":{"emulator":{"name":"functions"},"function":{"name":"us-central1-createPaymentIntent"},"extension":{},"message":"Finishing up request with event=pause"}}
[info] i  functions: Finished "us-central1-createPaymentIntent" in 1933.3644ms {"metadata":{"emulator":{"name":"functions"},"function":{"name":"us-central1-createPaymentIntent"},"extension":{},"message":"Finished \"us-central1-createPaymentIntent\" in 1933.3644ms"}}
[debug] [2024-07-28T13:48:47.845Z] [worker-us-central1-createPaymentIntent-c837c1fb-ceb0-4492-820b-e5001d66488c]: IDLE {"metadata":{"emulator":{"name":"functions"},"function":{"name":"us-central1-createPaymentIntent"},"extension":{},"message":"[worker-us-central1-createPaymentIntent-c837c1fb-ceb0-4492-820b-e5001d66488c]: IDLE"}}
[debug] [2024-07-28T13:48:47.845Z] Finishing up request with event=finish {"metadata":{"emulator":{"name":"functions"},"function":{"name":"us-central1-createPaymentIntent"},"extension":{},"message":"Finishing up request with event=finish"}}
[debug] [2024-07-28T13:48:47.846Z] Finishing up request with event=close {"metadata":{"emulator":{"name":"functions"},"function":{"name":"us-central1-createPaymentIntent"},"extension":{},"message":"Finishing up request with event=close"}}
[debug] [2024-07-28T13:48:47.847Z] [work-queue] {"queuedWork":[],"queueLength":0,"runningWork":[],"workRunningCount":0}
[debug] [2024-07-28T13:49:43.176Z] File D:\GitHub\EduTech\edu-tech\functions\package.json changed, reloading triggers {"metadata":{"emulator":{"name":"functions"},"message":"File D:\\GitHub\\EduTech\\edu-tech\\functions\\package.json changed, reloading triggers"}}
[debug] [2024-07-28T13:49:44.186Z] Validating nodejs source
[debug] [2024-07-28T13:49:47.555Z] > [functions] package.json contents: {
  "name": "functions",
  "description": "Cloud Functions for Firebase",
  "scripts": {
    "lint": "eslint .",
    "serve": "firebase emulators:start --only functions",
    "shell": "firebase functions:shell",
    "start": "npm run shell",
    "deploy": "firebase deploy --only functions",
    "logs": "firebase functions:log"
  },
  "engines": {
    "node": "18"
  },
  "main": "index.js",
  "dependencies": {
    "cors": "^2.8.5",
    "firebase-admin": "^12.1.0",
    "firebase-functions": "^5.0.0",
    "stripe": "^16.5.0"
  },
  "devDependencies": {
    "eslint": "^8.15.0",
    "eslint-config-google": "^0.14.0",
    "firebase-functions-test": "^3.1.0"
  },
  "private": true
}
[debug] [2024-07-28T13:49:47.556Z] Building nodejs source
[debug] [2024-07-28T13:49:47.557Z] Failed to find version of module node: reached end of search path D:\GitHub\EduTech\edu-tech\functions\node_modules
[info] +  functions: Using node@18 from host. 
[debug] [2024-07-28T13:49:47.561Z] Could not find functions.yaml. Must use http discovery
[debug] [2024-07-28T13:49:47.579Z] Found firebase-functions binary at 'D:\GitHub\EduTech\edu-tech\functions\node_modules\.bin\firebase-functions'
[debug] [2024-07-28T13:49:47.593Z] File D:\GitHub\EduTech\edu-tech\functions\package.json changed, reloading triggers {"metadata":{"emulator":{"name":"functions"},"message":"File D:\\GitHub\\EduTech\\edu-tech\\functions\\package.json changed, reloading triggers"}}
[info] Serving at port 8834

[debug] [2024-07-28T13:49:48.607Z] Validating nodejs source
[debug] [2024-07-28T13:49:51.934Z] > [functions] package.json contents: {
  "name": "functions",
  "description": "Cloud Functions for Firebase",
  "scripts": {
    "lint": "eslint .",
    "serve": "firebase emulators:start --only functions",
    "shell": "firebase functions:shell",
    "start": "npm run shell",
    "deploy": "firebase deploy --only functions",
    "logs": "firebase functions:log"
  },
  "engines": {
    "node": "18"
  },
  "main": "index.js",
  "dependencies": {
    "cors": "^2.8.5",
    "firebase-admin": "^12.1.0",
    "firebase-functions": "^5.0.0",
    "stripe": "^16.5.0"
  },
  "devDependencies": {
    "eslint": "^8.15.0",
    "eslint-config-google": "^0.14.0",
    "firebase-functions-test": "^3.1.0"
  },
  "private": true
}
[debug] [2024-07-28T13:49:51.935Z] Building nodejs source
[debug] [2024-07-28T13:49:51.936Z] Failed to find version of module node: reached end of search path D:\GitHub\EduTech\edu-tech\functions\node_modules
[info] +  functions: Using node@18 from host. 
[debug] [2024-07-28T13:49:51.942Z] Could not find functions.yaml. Must use http discovery
[debug] [2024-07-28T13:49:51.956Z] Found firebase-functions binary at 'D:\GitHub\EduTech\edu-tech\functions\node_modules\.bin\firebase-functions'
[debug] [2024-07-28T13:49:51.967Z] Got response from /__/functions.yaml {"endpoints":{"createPaymentIntent":{"availableMemoryMb":null,"timeoutSeconds":null,"minInstances":null,"maxInstances":null,"ingressSettings":null,"concurrency":null,"serviceAccountEmail":null,"vpc":null,"platform":"gcfv2","labels":{},"httpsTrigger":{},"entryPoint":"createPaymentIntent"}},"specVersion":"v1alpha1","requiredAPIs":[]}
[info] +  functions: Loaded functions definitions from source: createPaymentIntent. {"metadata":{"emulator":{"name":"functions"},"message":"Loaded functions definitions from source: createPaymentIntent."}}
[debug] [2024-07-28T13:49:52.093Z] [worker-pool] Shutting down IDLE worker (us-central1-createPaymentIntent) {"metadata":{"emulator":{"name":"functions"},"message":"[worker-pool] Shutting down IDLE worker (us-central1-createPaymentIntent)"}}
[debug] [2024-07-28T13:49:52.094Z] [worker-us-central1-createPaymentIntent-c837c1fb-ceb0-4492-820b-e5001d66488c]: FINISHING {"metadata":{"emulator":{"name":"functions"},"function":{"name":"us-central1-createPaymentIntent"},"extension":{},"message":"[worker-us-central1-createPaymentIntent-c837c1fb-ceb0-4492-820b-e5001d66488c]: FINISHING"}}
[debug] [2024-07-28T13:49:52.126Z] [worker-us-central1-createPaymentIntent-c837c1fb-ceb0-4492-820b-e5001d66488c]: exited {"metadata":{"emulator":{"name":"functions"},"function":{"name":"us-central1-createPaymentIntent"},"extension":{},"message":"[worker-us-central1-createPaymentIntent-c837c1fb-ceb0-4492-820b-e5001d66488c]: exited"}}
[debug] [2024-07-28T13:49:52.126Z] [worker-us-central1-createPaymentIntent-c837c1fb-ceb0-4492-820b-e5001d66488c]: FINISHED {"metadata":{"emulator":{"name":"functions"},"function":{"name":"us-central1-createPaymentIntent"},"extension":{},"message":"[worker-us-central1-createPaymentIntent-c837c1fb-ceb0-4492-820b-e5001d66488c]: FINISHED"}}
[info] Serving at port 8228

[debug] [2024-07-28T13:49:52.888Z] Got response from /__/functions.yaml {"endpoints":{"createPaymentIntent":{"availableMemoryMb":null,"timeoutSeconds":null,"minInstances":null,"maxInstances":null,"ingressSettings":null,"concurrency":null,"serviceAccountEmail":null,"vpc":null,"platform":"gcfv2","labels":{},"httpsTrigger":{},"entryPoint":"createPaymentIntent"}},"specVersion":"v1alpha1","requiredAPIs":[]}
[info] +  functions: Loaded functions definitions from source: createPaymentIntent. {"metadata":{"emulator":{"name":"functions"},"message":"Loaded functions definitions from source: createPaymentIntent."}}
[debug] [2024-07-28T13:49:59.626Z] File D:\GitHub\EduTech\edu-tech\functions\package.json changed, reloading triggers {"metadata":{"emulator":{"name":"functions"},"message":"File D:\\GitHub\\EduTech\\edu-tech\\functions\\package.json changed, reloading triggers"}}
[debug] [2024-07-28T13:50:00.659Z] Validating nodejs source
[debug] [2024-07-28T13:50:03.195Z] > [functions] package.json contents: {
  "name": "functions",
  "description": "Cloud Functions for Firebase",
  "scripts": {
    "lint": "eslint .",
    "serve": "firebase emulators:start --only functions",
    "shell": "firebase functions:shell",
    "start": "npm run shell",
    "deploy": "firebase deploy --only functions",
    "logs": "firebase functions:log"
  },
  "engines": {
    "node": "18"
  },
  "main": "index.js",
  "dependencies": {
    "cors": "^2.8.5",
    "firebase-admin": "^12.1.0",
    "firebase-functions": "^5.0.0",
    "stripe": "^16.5.0"
  },
  "devDependencies": {
    "eslint": "^8.15.0",
    "eslint-config-google": "^0.14.0",
    "firebase-functions-test": "^3.1.0"
  },
  "private": true
}
[debug] [2024-07-28T13:50:03.195Z] Building nodejs source
[debug] [2024-07-28T13:50:03.196Z] Failed to find version of module node: reached end of search path D:\GitHub\EduTech\edu-tech\functions\node_modules
[info] +  functions: Using node@18 from host. 
[debug] [2024-07-28T13:50:03.199Z] Could not find functions.yaml. Must use http discovery
[debug] [2024-07-28T13:50:03.206Z] Found firebase-functions binary at 'D:\GitHub\EduTech\edu-tech\functions\node_modules\.bin\firebase-functions'
[info] Serving at port 8558

[debug] [2024-07-28T13:50:04.151Z] Got response from /__/functions.yaml {"endpoints":{"createPaymentIntent":{"availableMemoryMb":null,"timeoutSeconds":null,"minInstances":null,"maxInstances":null,"ingressSettings":null,"concurrency":null,"serviceAccountEmail":null,"vpc":null,"platform":"gcfv2","labels":{},"httpsTrigger":{},"entryPoint":"createPaymentIntent"}},"specVersion":"v1alpha1","requiredAPIs":[]}
[info] +  functions: Loaded functions definitions from source: createPaymentIntent. {"metadata":{"emulator":{"name":"functions"},"message":"Loaded functions definitions from source: createPaymentIntent."}}
[debug] [2024-07-28T13:52:45.377Z] [work-queue] {"queuedWork":["/edu-tech-a53de/us-central1/createPaymentIntent-2024-07-28T13:52:45.377Z"],"queueLength":1,"runningWork":[],"workRunningCount":0}
[debug] [2024-07-28T13:52:45.378Z] [work-queue] {"queuedWork":[],"queueLength":0,"runningWork":["/edu-tech-a53de/us-central1/createPaymentIntent-2024-07-28T13:52:45.377Z"],"workRunningCount":1}
[debug] [2024-07-28T13:52:45.378Z] Accepted request POST /edu-tech-a53de/us-central1/createPaymentIntent --> us-central1-createPaymentIntent
[debug] [2024-07-28T13:52:45.391Z] [functions] Runtime ready! Sending request! {"metadata":{"emulator":{"name":"functions"},"message":"[functions] Runtime ready! Sending request!"}}
[debug] [2024-07-28T13:52:45.392Z] [functions] Got req.url=/edu-tech-a53de/us-central1/createPaymentIntent, mapping to path=/ {"metadata":{"emulator":{"name":"functions"},"message":"[functions] Got req.url=/edu-tech-a53de/us-central1/createPaymentIntent, mapping to path=/"}}
[debug] [2024-07-28T13:52:45.393Z] [worker-pool] Cleaned up workers for us-central1-createPaymentIntent: 1 --> 0 {"metadata":{"emulator":{"name":"functions"},"message":"[worker-pool] Cleaned up workers for us-central1-createPaymentIntent: 1 --> 0"}}
[debug] [2024-07-28T13:52:45.422Z] [worker-pool] addWorker(us-central1-createPaymentIntent) {"metadata":{"emulator":{"name":"functions"},"message":"[worker-pool] addWorker(us-central1-createPaymentIntent)"}}
[debug] [2024-07-28T13:52:45.424Z] [worker-pool] Adding worker with key us-central1-createPaymentIntent, total=1 {"metadata":{"emulator":{"name":"functions"},"message":"[worker-pool] Adding worker with key us-central1-createPaymentIntent, total=1"}}
[debug] [2024-07-28T13:52:51.396Z] [runtime-status] [23028] Resolved module firebase-admin {"declared":true,"installed":true,"version":"12.3.0","resolution":"D:\\GitHub\\EduTech\\edu-tech\\functions\\node_modules\\firebase-admin\\lib\\index.js"} {"metadata":{"emulator":{"name":"functions"},"function":{"name":"us-central1-createPaymentIntent"},"extension":{},"message":"[runtime-status] [23028] Resolved module firebase-admin {\"declared\":true,\"installed\":true,\"version\":\"12.3.0\",\"resolution\":\"D:\\\\GitHub\\\\EduTech\\\\edu-tech\\\\functions\\\\node_modules\\\\firebase-admin\\\\lib\\\\index.js\"}"}}
[debug] [2024-07-28T13:52:51.404Z] [runtime-status] [23028] Resolved module firebase-functions {"declared":true,"installed":true,"version":"5.0.1","resolution":"D:\\GitHub\\EduTech\\edu-tech\\functions\\node_modules\\firebase-functions\\lib\\v1\\index.js"} {"metadata":{"emulator":{"name":"functions"},"function":{"name":"us-central1-createPaymentIntent"},"extension":{},"message":"[runtime-status] [23028] Resolved module firebase-functions {\"declared\":true,\"installed\":true,\"version\":\"5.0.1\",\"resolution\":\"D:\\\\GitHub\\\\EduTech\\\\edu-tech\\\\functions\\\\node_modules\\\\firebase-functions\\\\lib\\\\v1\\\\index.js\"}"}}
[debug] [2024-07-28T13:52:51.405Z] [runtime-status] [23028] Outgoing network have been stubbed. [{"name":"http","status":"mocked"},{"name":"http","status":"mocked"},{"name":"https","status":"mocked"},{"name":"https","status":"mocked"},{"name":"net","status":"mocked"}] {"metadata":{"emulator":{"name":"functions"},"function":{"name":"us-central1-createPaymentIntent"},"extension":{},"message":"[runtime-status] [23028] Outgoing network have been stubbed. [{\"name\":\"http\",\"status\":\"mocked\"},{\"name\":\"http\",\"status\":\"mocked\"},{\"name\":\"https\",\"status\":\"mocked\"},{\"name\":\"https\",\"status\":\"mocked\"},{\"name\":\"net\",\"status\":\"mocked\"}]"}}
[debug] [2024-07-28T13:52:51.409Z] [runtime-status] [23028] Resolved module firebase-functions {"declared":true,"installed":true,"version":"5.0.1","resolution":"D:\\GitHub\\EduTech\\edu-tech\\functions\\node_modules\\firebase-functions\\lib\\v1\\index.js"} {"metadata":{"emulator":{"name":"functions"},"function":{"name":"us-central1-createPaymentIntent"},"extension":{},"message":"[runtime-status] [23028] Resolved module firebase-functions {\"declared\":true,\"installed\":true,\"version\":\"5.0.1\",\"resolution\":\"D:\\\\GitHub\\\\EduTech\\\\edu-tech\\\\functions\\\\node_modules\\\\firebase-functions\\\\lib\\\\v1\\\\index.js\"}"}}
[debug] [2024-07-28T13:52:52.342Z] [runtime-status] [23028] Checked functions.config() {"config":{}} {"metadata":{"emulator":{"name":"functions"},"function":{"name":"us-central1-createPaymentIntent"},"extension":{},"message":"[runtime-status] [23028] Checked functions.config() {\"config\":{}}"}}
[debug] [2024-07-28T13:52:52.343Z] [runtime-status] [23028] firebase-functions has been stubbed. {"functionsResolution":{"declared":true,"installed":true,"version":"5.0.1","resolution":"D:\\GitHub\\EduTech\\edu-tech\\functions\\node_modules\\firebase-functions\\lib\\v1\\index.js"}} {"metadata":{"emulator":{"name":"functions"},"function":{"name":"us-central1-createPaymentIntent"},"extension":{},"message":"[runtime-status] [23028] firebase-functions has been stubbed. {\"functionsResolution\":{\"declared\":true,\"installed\":true,\"version\":\"5.0.1\",\"resolution\":\"D:\\\\GitHub\\\\EduTech\\\\edu-tech\\\\functions\\\\node_modules\\\\firebase-functions\\\\lib\\\\v1\\\\index.js\"}}"}}
[debug] [2024-07-28T13:52:52.345Z] [runtime-status] [23028] Resolved module firebase-functions {"declared":true,"installed":true,"version":"5.0.1","resolution":"D:\\GitHub\\EduTech\\edu-tech\\functions\\node_modules\\firebase-functions\\lib\\v1\\index.js"} {"metadata":{"emulator":{"name":"functions"},"function":{"name":"us-central1-createPaymentIntent"},"extension":{},"message":"[runtime-status] [23028] Resolved module firebase-functions {\"declared\":true,\"installed\":true,\"version\":\"5.0.1\",\"resolution\":\"D:\\\\GitHub\\\\EduTech\\\\edu-tech\\\\functions\\\\node_modules\\\\firebase-functions\\\\lib\\\\v1\\\\index.js\"}"}}
[debug] [2024-07-28T13:52:52.348Z] [runtime-status] [23028] Resolved module firebase-admin {"declared":true,"installed":true,"version":"12.3.0","resolution":"D:\\GitHub\\EduTech\\edu-tech\\functions\\node_modules\\firebase-admin\\lib\\index.js"} {"metadata":{"emulator":{"name":"functions"},"function":{"name":"us-central1-createPaymentIntent"},"extension":{},"message":"[runtime-status] [23028] Resolved module firebase-admin {\"declared\":true,\"installed\":true,\"version\":\"12.3.0\",\"resolution\":\"D:\\\\GitHub\\\\EduTech\\\\edu-tech\\\\functions\\\\node_modules\\\\firebase-admin\\\\lib\\\\index.js\"}"}}
[debug] [2024-07-28T13:52:52.357Z] [runtime-status] [23028] Resolved module firebase-functions {"declared":true,"installed":true,"version":"5.0.1","resolution":"D:\\GitHub\\EduTech\\edu-tech\\functions\\node_modules\\firebase-functions\\lib\\v1\\index.js"} {"metadata":{"emulator":{"name":"functions"},"function":{"name":"us-central1-createPaymentIntent"},"extension":{},"message":"[runtime-status] [23028] Resolved module firebase-functions {\"declared\":true,\"installed\":true,\"version\":\"5.0.1\",\"resolution\":\"D:\\\\GitHub\\\\EduTech\\\\edu-tech\\\\functions\\\\node_modules\\\\firebase-functions\\\\lib\\\\v1\\\\index.js\"}"}}
[debug] [2024-07-28T13:52:52.359Z] [runtime-status] [23028] firebase-admin has been stubbed. {"adminResolution":{"declared":true,"installed":true,"version":"12.3.0","resolution":"D:\\GitHub\\EduTech\\edu-tech\\functions\\node_modules\\firebase-admin\\lib\\index.js"}} {"metadata":{"emulator":{"name":"functions"},"function":{"name":"us-central1-createPaymentIntent"},"extension":{},"message":"[runtime-status] [23028] firebase-admin has been stubbed. {\"adminResolution\":{\"declared\":true,\"installed\":true,\"version\":\"12.3.0\",\"resolution\":\"D:\\\\GitHub\\\\EduTech\\\\edu-tech\\\\functions\\\\node_modules\\\\firebase-admin\\\\lib\\\\index.js\"}}"}}
[debug] [2024-07-28T13:52:52.734Z] [runtime-status] [23028] initializeApp(DEFAULT) {"storageBucket":"edu-tech-a53de.appspot.com","databaseURL":"https://edu-tech-a53de-default-rtdb.firebaseio.com","projectId":"edu-tech-a53de"} {"metadata":{"emulator":{"name":"functions"},"function":{"name":"us-central1-createPaymentIntent"},"extension":{},"message":"[runtime-status] [23028] initializeApp(DEFAULT) {\"storageBucket\":\"edu-tech-a53de.appspot.com\",\"databaseURL\":\"https://edu-tech-a53de-default-rtdb.firebaseio.com\",\"projectId\":\"edu-tech-a53de\"}"}}
[debug] [2024-07-28T13:52:52.758Z] [runtime-status] [23028] Functions runtime initialized. {"cwd":"D:\\GitHub\\EduTech\\edu-tech\\functions","node_version":"18.20.4"} {"metadata":{"emulator":{"name":"functions"},"function":{"name":"us-central1-createPaymentIntent"},"extension":{},"message":"[runtime-status] [23028] Functions runtime initialized. {\"cwd\":\"D:\\\\GitHub\\\\EduTech\\\\edu-tech\\\\functions\",\"node_version\":\"18.20.4\"}"}}
[debug] [2024-07-28T13:52:52.762Z] [runtime-status] [23028] Listening to port: \\?\pipe\fire_emu_692e96ce162bb723 {"metadata":{"emulator":{"name":"functions"},"function":{"name":"us-central1-createPaymentIntent"},"extension":{},"message":"[runtime-status] [23028] Listening to port: \\\\?\\pipe\\fire_emu_692e96ce162bb723"}}
[debug] [2024-07-28T13:52:52.839Z] [worker-us-central1-createPaymentIntent-e6729b3c-f648-4074-adc4-40412c65b3f6]: IDLE {"metadata":{"emulator":{"name":"functions"},"function":{"name":"us-central1-createPaymentIntent"},"extension":{},"message":"[worker-us-central1-createPaymentIntent-e6729b3c-f648-4074-adc4-40412c65b3f6]: IDLE"}}
[debug] [2024-07-28T13:52:52.841Z] [worker-pool] submitRequest(triggerId=us-central1-createPaymentIntent) {"metadata":{"emulator":{"name":"functions"},"message":"[worker-pool] submitRequest(triggerId=us-central1-createPaymentIntent)"}}
[info] i  functions: Beginning execution of "us-central1-createPaymentIntent" {"metadata":{"emulator":{"name":"functions"},"function":{"name":"us-central1-createPaymentIntent"},"extension":{},"message":"Beginning execution of \"us-central1-createPaymentIntent\""}}
[debug] [2024-07-28T13:52:52.843Z] [worker-us-central1-createPaymentIntent-e6729b3c-f648-4074-adc4-40412c65b3f6]: BUSY {"metadata":{"emulator":{"name":"functions"},"function":{"name":"us-central1-createPaymentIntent"},"extension":{},"message":"[worker-us-central1-createPaymentIntent-e6729b3c-f648-4074-adc4-40412c65b3f6]: BUSY"}}
[info] >  {"error":"Invalid API Key provided: your-sec***-key","severity":"ERROR","message":"Error: Payment Intent creation failed\n    at entryFromArgs (D:\\GitHub\\EduTech\\edu-tech\\functions\\node_modules\\firebase-functions\\lib\\logger\\index.js:130:19)\n    at Object.error (D:\\GitHub\\EduTech\\edu-tech\\functions\\node_modules\\firebase-functions\\lib\\logger\\index.js:116:11)\n    at D:\\GitHub\\EduTech\\edu-tech\\functions\\index.js:30:14\n    at process.processTicksAndRejections (node:internal/process/task_queues:95:5)"} {"user":{"error":"Invalid API Key provided: your-sec***-key","severity":"ERROR","message":"Error: Payment Intent creation failed\n    at entryFromArgs (D:\\GitHub\\EduTech\\edu-tech\\functions\\node_modules\\firebase-functions\\lib\\logger\\index.js:130:19)\n    at Object.error (D:\\GitHub\\EduTech\\edu-tech\\functions\\node_modules\\firebase-functions\\lib\\logger\\index.js:116:11)\n    at D:\\GitHub\\EduTech\\edu-tech\\functions\\index.js:30:14\n    at process.processTicksAndRejections (node:internal/process/task_queues:95:5)"},"metadata":{"emulator":{"name":"functions"},"function":{"name":"us-central1-createPaymentIntent"},"extension":{},"message":"\u001b[90m> \u001b[39m {\"error\":\"Invalid API Key provided: your-sec***-key\",\"severity\":\"ERROR\",\"message\":\"Error: Payment Intent creation failed\\n    at entryFromArgs (D:\\\\GitHub\\\\EduTech\\\\edu-tech\\\\functions\\\\node_modules\\\\firebase-functions\\\\lib\\\\logger\\\\index.js:130:19)\\n    at Object.error (D:\\\\GitHub\\\\EduTech\\\\edu-tech\\\\functions\\\\node_modules\\\\firebase-functions\\\\lib\\\\logger\\\\index.js:116:11)\\n    at D:\\\\GitHub\\\\EduTech\\\\edu-tech\\\\functions\\\\index.js:30:14\\n    at process.processTicksAndRejections (node:internal/process/task_queues:95:5)\"}"}}
[debug] [2024-07-28T13:52:54.352Z] Finishing up request with event=pause {"metadata":{"emulator":{"name":"functions"},"function":{"name":"us-central1-createPaymentIntent"},"extension":{},"message":"Finishing up request with event=pause"}}
[info] i  functions: Finished "us-central1-createPaymentIntent" in 1508.7732ms {"metadata":{"emulator":{"name":"functions"},"function":{"name":"us-central1-createPaymentIntent"},"extension":{},"message":"Finished \"us-central1-createPaymentIntent\" in 1508.7732ms"}}
[debug] [2024-07-28T13:52:54.354Z] [worker-us-central1-createPaymentIntent-e6729b3c-f648-4074-adc4-40412c65b3f6]: IDLE {"metadata":{"emulator":{"name":"functions"},"function":{"name":"us-central1-createPaymentIntent"},"extension":{},"message":"[worker-us-central1-createPaymentIntent-e6729b3c-f648-4074-adc4-40412c65b3f6]: IDLE"}}
[debug] [2024-07-28T13:52:54.356Z] Finishing up request with event=finish {"metadata":{"emulator":{"name":"functions"},"function":{"name":"us-central1-createPaymentIntent"},"extension":{},"message":"Finishing up request with event=finish"}}
[debug] [2024-07-28T13:52:54.357Z] Finishing up request with event=close {"metadata":{"emulator":{"name":"functions"},"function":{"name":"us-central1-createPaymentIntent"},"extension":{},"message":"Finishing up request with event=close"}}
[debug] [2024-07-28T13:52:54.358Z] [work-queue] {"queuedWork":[],"queueLength":0,"runningWork":[],"workRunningCount":0}
[debug] [2024-07-28T13:56:34.443Z] File D:\GitHub\EduTech\edu-tech\functions\index.js changed, reloading triggers {"metadata":{"emulator":{"name":"functions"},"message":"File D:\\GitHub\\EduTech\\edu-tech\\functions\\index.js changed, reloading triggers"}}
[debug] [2024-07-28T13:56:35.460Z] Validating nodejs source
[debug] [2024-07-28T13:56:38.315Z] > [functions] package.json contents: {
  "name": "functions",
  "description": "Cloud Functions for Firebase",
  "scripts": {
    "lint": "eslint .",
    "serve": "firebase emulators:start --only functions",
    "shell": "firebase functions:shell",
    "start": "npm run shell",
    "deploy": "firebase deploy --only functions",
    "logs": "firebase functions:log"
  },
  "engines": {
    "node": "18"
  },
  "main": "index.js",
  "dependencies": {
    "cors": "^2.8.5",
    "firebase-admin": "^12.1.0",
    "firebase-functions": "^5.0.0",
    "stripe": "^16.5.0"
  },
  "devDependencies": {
    "eslint": "^8.15.0",
    "eslint-config-google": "^0.14.0",
    "firebase-functions-test": "^3.1.0"
  },
  "private": true
}
[debug] [2024-07-28T13:56:38.316Z] Building nodejs source
[debug] [2024-07-28T13:56:38.316Z] Failed to find version of module node: reached end of search path D:\GitHub\EduTech\edu-tech\functions\node_modules
[info] +  functions: Using node@18 from host. 
[debug] [2024-07-28T13:56:38.327Z] Could not find functions.yaml. Must use http discovery
[debug] [2024-07-28T13:56:38.342Z] Found firebase-functions binary at 'D:\GitHub\EduTech\edu-tech\functions\node_modules\.bin\firebase-functions'
[info] Serving at port 8726

[debug] [2024-07-28T13:56:40.157Z] Got response from /__/functions.yaml {"endpoints":{"createPaymentIntent":{"availableMemoryMb":null,"timeoutSeconds":null,"minInstances":null,"maxInstances":null,"ingressSettings":null,"concurrency":null,"serviceAccountEmail":null,"vpc":null,"platform":"gcfv2","labels":{},"httpsTrigger":{},"entryPoint":"createPaymentIntent"}},"specVersion":"v1alpha1","requiredAPIs":[]}
[info] +  functions: Loaded functions definitions from source: createPaymentIntent. {"metadata":{"emulator":{"name":"functions"},"message":"Loaded functions definitions from source: createPaymentIntent."}}
[debug] [2024-07-28T13:56:40.204Z] [worker-pool] Shutting down IDLE worker (us-central1-createPaymentIntent) {"metadata":{"emulator":{"name":"functions"},"message":"[worker-pool] Shutting down IDLE worker (us-central1-createPaymentIntent)"}}
[debug] [2024-07-28T13:56:40.204Z] [worker-us-central1-createPaymentIntent-e6729b3c-f648-4074-adc4-40412c65b3f6]: FINISHING {"metadata":{"emulator":{"name":"functions"},"function":{"name":"us-central1-createPaymentIntent"},"extension":{},"message":"[worker-us-central1-createPaymentIntent-e6729b3c-f648-4074-adc4-40412c65b3f6]: FINISHING"}}
[debug] [2024-07-28T13:56:40.232Z] [worker-us-central1-createPaymentIntent-e6729b3c-f648-4074-adc4-40412c65b3f6]: exited {"metadata":{"emulator":{"name":"functions"},"function":{"name":"us-central1-createPaymentIntent"},"extension":{},"message":"[worker-us-central1-createPaymentIntent-e6729b3c-f648-4074-adc4-40412c65b3f6]: exited"}}
[debug] [2024-07-28T13:56:40.233Z] [worker-us-central1-createPaymentIntent-e6729b3c-f648-4074-adc4-40412c65b3f6]: FINISHED {"metadata":{"emulator":{"name":"functions"},"function":{"name":"us-central1-createPaymentIntent"},"extension":{},"message":"[worker-us-central1-createPaymentIntent-e6729b3c-f648-4074-adc4-40412c65b3f6]: FINISHED"}}
[debug] [2024-07-28T13:56:43.729Z] [work-queue] {"queuedWork":["/edu-tech-a53de/us-central1/createPaymentIntent-2024-07-28T13:56:43.729Z"],"queueLength":1,"runningWork":[],"workRunningCount":0}
[debug] [2024-07-28T13:56:43.729Z] [work-queue] {"queuedWork":[],"queueLength":0,"runningWork":["/edu-tech-a53de/us-central1/createPaymentIntent-2024-07-28T13:56:43.729Z"],"workRunningCount":1}
[debug] [2024-07-28T13:56:43.729Z] Accepted request POST /edu-tech-a53de/us-central1/createPaymentIntent --> us-central1-createPaymentIntent
[debug] [2024-07-28T13:56:43.748Z] [functions] Runtime ready! Sending request! {"metadata":{"emulator":{"name":"functions"},"message":"[functions] Runtime ready! Sending request!"}}
[debug] [2024-07-28T13:56:43.749Z] [functions] Got req.url=/edu-tech-a53de/us-central1/createPaymentIntent, mapping to path=/ {"metadata":{"emulator":{"name":"functions"},"message":"[functions] Got req.url=/edu-tech-a53de/us-central1/createPaymentIntent, mapping to path=/"}}
[debug] [2024-07-28T13:56:43.749Z] [worker-pool] Cleaned up workers for us-central1-createPaymentIntent: 1 --> 0 {"metadata":{"emulator":{"name":"functions"},"message":"[worker-pool] Cleaned up workers for us-central1-createPaymentIntent: 1 --> 0"}}
[debug] [2024-07-28T13:56:43.767Z] [worker-pool] addWorker(us-central1-createPaymentIntent) {"metadata":{"emulator":{"name":"functions"},"message":"[worker-pool] addWorker(us-central1-createPaymentIntent)"}}
[debug] [2024-07-28T13:56:43.768Z] [worker-pool] Adding worker with key us-central1-createPaymentIntent, total=1 {"metadata":{"emulator":{"name":"functions"},"message":"[worker-pool] Adding worker with key us-central1-createPaymentIntent, total=1"}}
[debug] [2024-07-28T13:56:46.934Z] [runtime-status] [8324] Resolved module firebase-admin {"declared":true,"installed":true,"version":"12.3.0","resolution":"D:\\GitHub\\EduTech\\edu-tech\\functions\\node_modules\\firebase-admin\\lib\\index.js"} {"metadata":{"emulator":{"name":"functions"},"function":{"name":"us-central1-createPaymentIntent"},"extension":{},"message":"[runtime-status] [8324] Resolved module firebase-admin {\"declared\":true,\"installed\":true,\"version\":\"12.3.0\",\"resolution\":\"D:\\\\GitHub\\\\EduTech\\\\edu-tech\\\\functions\\\\node_modules\\\\firebase-admin\\\\lib\\\\index.js\"}"}}
[debug] [2024-07-28T13:56:46.936Z] [runtime-status] [8324] Resolved module firebase-functions {"declared":true,"installed":true,"version":"5.0.1","resolution":"D:\\GitHub\\EduTech\\edu-tech\\functions\\node_modules\\firebase-functions\\lib\\v1\\index.js"} {"metadata":{"emulator":{"name":"functions"},"function":{"name":"us-central1-createPaymentIntent"},"extension":{},"message":"[runtime-status] [8324] Resolved module firebase-functions {\"declared\":true,\"installed\":true,\"version\":\"5.0.1\",\"resolution\":\"D:\\\\GitHub\\\\EduTech\\\\edu-tech\\\\functions\\\\node_modules\\\\firebase-functions\\\\lib\\\\v1\\\\index.js\"}"}}
[debug] [2024-07-28T13:56:46.936Z] [runtime-status] [8324] Outgoing network have been stubbed. [{"name":"http","status":"mocked"},{"name":"http","status":"mocked"},{"name":"https","status":"mocked"},{"name":"https","status":"mocked"},{"name":"net","status":"mocked"}] {"metadata":{"emulator":{"name":"functions"},"function":{"name":"us-central1-createPaymentIntent"},"extension":{},"message":"[runtime-status] [8324] Outgoing network have been stubbed. [{\"name\":\"http\",\"status\":\"mocked\"},{\"name\":\"http\",\"status\":\"mocked\"},{\"name\":\"https\",\"status\":\"mocked\"},{\"name\":\"https\",\"status\":\"mocked\"},{\"name\":\"net\",\"status\":\"mocked\"}]"}}
[debug] [2024-07-28T13:56:46.938Z] [runtime-status] [8324] Resolved module firebase-functions {"declared":true,"installed":true,"version":"5.0.1","resolution":"D:\\GitHub\\EduTech\\edu-tech\\functions\\node_modules\\firebase-functions\\lib\\v1\\index.js"} {"metadata":{"emulator":{"name":"functions"},"function":{"name":"us-central1-createPaymentIntent"},"extension":{},"message":"[runtime-status] [8324] Resolved module firebase-functions {\"declared\":true,\"installed\":true,\"version\":\"5.0.1\",\"resolution\":\"D:\\\\GitHub\\\\EduTech\\\\edu-tech\\\\functions\\\\node_modules\\\\firebase-functions\\\\lib\\\\v1\\\\index.js\"}"}}
[debug] [2024-07-28T13:56:47.415Z] [runtime-status] [8324] Checked functions.config() {"config":{}} {"metadata":{"emulator":{"name":"functions"},"function":{"name":"us-central1-createPaymentIntent"},"extension":{},"message":"[runtime-status] [8324] Checked functions.config() {\"config\":{}}"}}
[debug] [2024-07-28T13:56:47.416Z] [runtime-status] [8324] firebase-functions has been stubbed. {"functionsResolution":{"declared":true,"installed":true,"version":"5.0.1","resolution":"D:\\GitHub\\EduTech\\edu-tech\\functions\\node_modules\\firebase-functions\\lib\\v1\\index.js"}} {"metadata":{"emulator":{"name":"functions"},"function":{"name":"us-central1-createPaymentIntent"},"extension":{},"message":"[runtime-status] [8324] firebase-functions has been stubbed. {\"functionsResolution\":{\"declared\":true,\"installed\":true,\"version\":\"5.0.1\",\"resolution\":\"D:\\\\GitHub\\\\EduTech\\\\edu-tech\\\\functions\\\\node_modules\\\\firebase-functions\\\\lib\\\\v1\\\\index.js\"}}"}}
[debug] [2024-07-28T13:56:47.416Z] [runtime-status] [8324] Resolved module firebase-functions {"declared":true,"installed":true,"version":"5.0.1","resolution":"D:\\GitHub\\EduTech\\edu-tech\\functions\\node_modules\\firebase-functions\\lib\\v1\\index.js"} {"metadata":{"emulator":{"name":"functions"},"function":{"name":"us-central1-createPaymentIntent"},"extension":{},"message":"[runtime-status] [8324] Resolved module firebase-functions {\"declared\":true,\"installed\":true,\"version\":\"5.0.1\",\"resolution\":\"D:\\\\GitHub\\\\EduTech\\\\edu-tech\\\\functions\\\\node_modules\\\\firebase-functions\\\\lib\\\\v1\\\\index.js\"}"}}
[debug] [2024-07-28T13:56:47.418Z] [runtime-status] [8324] Resolved module firebase-admin {"declared":true,"installed":true,"version":"12.3.0","resolution":"D:\\GitHub\\EduTech\\edu-tech\\functions\\node_modules\\firebase-admin\\lib\\index.js"} {"metadata":{"emulator":{"name":"functions"},"function":{"name":"us-central1-createPaymentIntent"},"extension":{},"message":"[runtime-status] [8324] Resolved module firebase-admin {\"declared\":true,\"installed\":true,\"version\":\"12.3.0\",\"resolution\":\"D:\\\\GitHub\\\\EduTech\\\\edu-tech\\\\functions\\\\node_modules\\\\firebase-admin\\\\lib\\\\index.js\"}"}}
[debug] [2024-07-28T13:56:47.422Z] [runtime-status] [8324] Resolved module firebase-functions {"declared":true,"installed":true,"version":"5.0.1","resolution":"D:\\GitHub\\EduTech\\edu-tech\\functions\\node_modules\\firebase-functions\\lib\\v1\\index.js"} {"metadata":{"emulator":{"name":"functions"},"function":{"name":"us-central1-createPaymentIntent"},"extension":{},"message":"[runtime-status] [8324] Resolved module firebase-functions {\"declared\":true,\"installed\":true,\"version\":\"5.0.1\",\"resolution\":\"D:\\\\GitHub\\\\EduTech\\\\edu-tech\\\\functions\\\\node_modules\\\\firebase-functions\\\\lib\\\\v1\\\\index.js\"}"}}
[debug] [2024-07-28T13:56:47.423Z] [runtime-status] [8324] firebase-admin has been stubbed. {"adminResolution":{"declared":true,"installed":true,"version":"12.3.0","resolution":"D:\\GitHub\\EduTech\\edu-tech\\functions\\node_modules\\firebase-admin\\lib\\index.js"}} {"metadata":{"emulator":{"name":"functions"},"function":{"name":"us-central1-createPaymentIntent"},"extension":{},"message":"[runtime-status] [8324] firebase-admin has been stubbed. {\"adminResolution\":{\"declared\":true,\"installed\":true,\"version\":\"12.3.0\",\"resolution\":\"D:\\\\GitHub\\\\EduTech\\\\edu-tech\\\\functions\\\\node_modules\\\\firebase-admin\\\\lib\\\\index.js\"}}"}}
[debug] [2024-07-28T13:56:47.598Z] [runtime-status] [8324] initializeApp(DEFAULT) {"storageBucket":"edu-tech-a53de.appspot.com","databaseURL":"https://edu-tech-a53de-default-rtdb.firebaseio.com","projectId":"edu-tech-a53de"} {"metadata":{"emulator":{"name":"functions"},"function":{"name":"us-central1-createPaymentIntent"},"extension":{},"message":"[runtime-status] [8324] initializeApp(DEFAULT) {\"storageBucket\":\"edu-tech-a53de.appspot.com\",\"databaseURL\":\"https://edu-tech-a53de-default-rtdb.firebaseio.com\",\"projectId\":\"edu-tech-a53de\"}"}}
[debug] [2024-07-28T13:56:47.604Z] [runtime-status] [8324] Functions runtime initialized. {"cwd":"D:\\GitHub\\EduTech\\edu-tech\\functions","node_version":"18.20.4"} {"metadata":{"emulator":{"name":"functions"},"function":{"name":"us-central1-createPaymentIntent"},"extension":{},"message":"[runtime-status] [8324] Functions runtime initialized. {\"cwd\":\"D:\\\\GitHub\\\\EduTech\\\\edu-tech\\\\functions\",\"node_version\":\"18.20.4\"}"}}
[debug] [2024-07-28T13:56:47.605Z] [runtime-status] [8324] Listening to port: \\?\pipe\fire_emu_6f591c96f5e992e2 {"metadata":{"emulator":{"name":"functions"},"function":{"name":"us-central1-createPaymentIntent"},"extension":{},"message":"[runtime-status] [8324] Listening to port: \\\\?\\pipe\\fire_emu_6f591c96f5e992e2"}}
[debug] [2024-07-28T13:56:47.698Z] [worker-us-central1-createPaymentIntent-ccca5322-b417-4d43-9522-6c92aef89c5b]: IDLE {"metadata":{"emulator":{"name":"functions"},"function":{"name":"us-central1-createPaymentIntent"},"extension":{},"message":"[worker-us-central1-createPaymentIntent-ccca5322-b417-4d43-9522-6c92aef89c5b]: IDLE"}}
[debug] [2024-07-28T13:56:47.699Z] [worker-pool] submitRequest(triggerId=us-central1-createPaymentIntent) {"metadata":{"emulator":{"name":"functions"},"message":"[worker-pool] submitRequest(triggerId=us-central1-createPaymentIntent)"}}
[info] i  functions: Beginning execution of "us-central1-createPaymentIntent" {"metadata":{"emulator":{"name":"functions"},"function":{"name":"us-central1-createPaymentIntent"},"extension":{},"message":"Beginning execution of \"us-central1-createPaymentIntent\""}}
[debug] [2024-07-28T13:56:47.700Z] [worker-us-central1-createPaymentIntent-ccca5322-b417-4d43-9522-6c92aef89c5b]: BUSY {"metadata":{"emulator":{"name":"functions"},"function":{"name":"us-central1-createPaymentIntent"},"extension":{},"message":"[worker-us-central1-createPaymentIntent-ccca5322-b417-4d43-9522-6c92aef89c5b]: BUSY"}}
[debug] [2024-07-28T13:56:48.980Z] Finishing up request with event=pause {"metadata":{"emulator":{"name":"functions"},"function":{"name":"us-central1-createPaymentIntent"},"extension":{},"message":"Finishing up request with event=pause"}}
[info] i  functions: Finished "us-central1-createPaymentIntent" in 1280.7373ms {"metadata":{"emulator":{"name":"functions"},"function":{"name":"us-central1-createPaymentIntent"},"extension":{},"message":"Finished \"us-central1-createPaymentIntent\" in 1280.7373ms"}}
[debug] [2024-07-28T13:56:48.986Z] [worker-us-central1-createPaymentIntent-ccca5322-b417-4d43-9522-6c92aef89c5b]: IDLE {"metadata":{"emulator":{"name":"functions"},"function":{"name":"us-central1-createPaymentIntent"},"extension":{},"message":"[worker-us-central1-createPaymentIntent-ccca5322-b417-4d43-9522-6c92aef89c5b]: IDLE"}}
[debug] [2024-07-28T13:56:48.986Z] Finishing up request with event=finish {"metadata":{"emulator":{"name":"functions"},"function":{"name":"us-central1-createPaymentIntent"},"extension":{},"message":"Finishing up request with event=finish"}}
[debug] [2024-07-28T13:56:48.986Z] Finishing up request with event=close {"metadata":{"emulator":{"name":"functions"},"function":{"name":"us-central1-createPaymentIntent"},"extension":{},"message":"Finishing up request with event=close"}}
[debug] [2024-07-28T13:56:48.986Z] [work-queue] {"queuedWork":[],"queueLength":0,"runningWork":[],"workRunningCount":0}
[debug] [2024-07-28T14:19:42.403Z] [work-queue] {"queuedWork":["/edu-tech-a53de/us-central1/createPaymentIntent-2024-07-28T14:19:42.393Z"],"queueLength":1,"runningWork":[],"workRunningCount":0}
[debug] [2024-07-28T14:19:42.426Z] [work-queue] {"queuedWork":[],"queueLength":0,"runningWork":["/edu-tech-a53de/us-central1/createPaymentIntent-2024-07-28T14:19:42.393Z"],"workRunningCount":1}
[debug] [2024-07-28T14:19:42.428Z] Accepted request OPTIONS /edu-tech-a53de/us-central1/createPaymentIntent --> us-central1-createPaymentIntent
[debug] [2024-07-28T14:19:42.533Z] [functions] Runtime ready! Sending request! {"metadata":{"emulator":{"name":"functions"},"message":"[functions] Runtime ready! Sending request!"}}
[debug] [2024-07-28T14:19:42.536Z] [functions] Got req.url=/edu-tech-a53de/us-central1/createPaymentIntent, mapping to path=/ {"metadata":{"emulator":{"name":"functions"},"message":"[functions] Got req.url=/edu-tech-a53de/us-central1/createPaymentIntent, mapping to path=/"}}
[debug] [2024-07-28T14:19:42.539Z] [worker-pool] submitRequest(triggerId=us-central1-createPaymentIntent) {"metadata":{"emulator":{"name":"functions"},"message":"[worker-pool] submitRequest(triggerId=us-central1-createPaymentIntent)"}}
[info] i  functions: Beginning execution of "us-central1-createPaymentIntent" {"metadata":{"emulator":{"name":"functions"},"function":{"name":"us-central1-createPaymentIntent"},"extension":{},"message":"Beginning execution of \"us-central1-createPaymentIntent\""}}
[debug] [2024-07-28T14:19:42.556Z] [worker-us-central1-createPaymentIntent-ccca5322-b417-4d43-9522-6c92aef89c5b]: BUSY {"metadata":{"emulator":{"name":"functions"},"function":{"name":"us-central1-createPaymentIntent"},"extension":{},"message":"[worker-us-central1-createPaymentIntent-ccca5322-b417-4d43-9522-6c92aef89c5b]: BUSY"}}
[debug] [2024-07-28T14:19:42.771Z] Finishing up request with event=pause {"metadata":{"emulator":{"name":"functions"},"function":{"name":"us-central1-createPaymentIntent"},"extension":{},"message":"Finishing up request with event=pause"}}
[info] i  functions: Finished "us-central1-createPaymentIntent" in 216.2643ms {"metadata":{"emulator":{"name":"functions"},"function":{"name":"us-central1-createPaymentIntent"},"extension":{},"message":"Finished \"us-central1-createPaymentIntent\" in 216.2643ms"}}
[debug] [2024-07-28T14:19:42.773Z] [worker-us-central1-createPaymentIntent-ccca5322-b417-4d43-9522-6c92aef89c5b]: IDLE {"metadata":{"emulator":{"name":"functions"},"function":{"name":"us-central1-createPaymentIntent"},"extension":{},"message":"[worker-us-central1-createPaymentIntent-ccca5322-b417-4d43-9522-6c92aef89c5b]: IDLE"}}
[debug] [2024-07-28T14:19:42.773Z] Finishing up request with event=finish {"metadata":{"emulator":{"name":"functions"},"function":{"name":"us-central1-createPaymentIntent"},"extension":{},"message":"Finishing up request with event=finish"}}
[debug] [2024-07-28T14:19:42.774Z] Finishing up request with event=close {"metadata":{"emulator":{"name":"functions"},"function":{"name":"us-central1-createPaymentIntent"},"extension":{},"message":"Finishing up request with event=close"}}
[debug] [2024-07-28T14:19:42.775Z] [work-queue] {"queuedWork":[],"queueLength":0,"runningWork":[],"workRunningCount":0}
[debug] [2024-07-28T14:19:42.787Z] [work-queue] {"queuedWork":["/edu-tech-a53de/us-central1/createPaymentIntent-2024-07-28T14:19:42.787Z"],"queueLength":1,"runningWork":[],"workRunningCount":0}
[debug] [2024-07-28T14:19:42.787Z] [work-queue] {"queuedWork":[],"queueLength":0,"runningWork":["/edu-tech-a53de/us-central1/createPaymentIntent-2024-07-28T14:19:42.787Z"],"workRunningCount":1}
[debug] [2024-07-28T14:19:42.787Z] Accepted request POST /edu-tech-a53de/us-central1/createPaymentIntent --> us-central1-createPaymentIntent
[debug] [2024-07-28T14:19:42.793Z] [functions] Runtime ready! Sending request! {"metadata":{"emulator":{"name":"functions"},"message":"[functions] Runtime ready! Sending request!"}}
[debug] [2024-07-28T14:19:42.794Z] [functions] Got req.url=/edu-tech-a53de/us-central1/createPaymentIntent, mapping to path=/ {"metadata":{"emulator":{"name":"functions"},"message":"[functions] Got req.url=/edu-tech-a53de/us-central1/createPaymentIntent, mapping to path=/"}}
[debug] [2024-07-28T14:19:42.794Z] [worker-pool] submitRequest(triggerId=us-central1-createPaymentIntent) {"metadata":{"emulator":{"name":"functions"},"message":"[worker-pool] submitRequest(triggerId=us-central1-createPaymentIntent)"}}
[info] i  functions: Beginning execution of "us-central1-createPaymentIntent" {"metadata":{"emulator":{"name":"functions"},"function":{"name":"us-central1-createPaymentIntent"},"extension":{},"message":"Beginning execution of \"us-central1-createPaymentIntent\""}}
[debug] [2024-07-28T14:19:42.795Z] [worker-us-central1-createPaymentIntent-ccca5322-b417-4d43-9522-6c92aef89c5b]: BUSY {"metadata":{"emulator":{"name":"functions"},"function":{"name":"us-central1-createPaymentIntent"},"extension":{},"message":"[worker-us-central1-createPaymentIntent-ccca5322-b417-4d43-9522-6c92aef89c5b]: BUSY"}}
[debug] [2024-07-28T14:19:44.013Z] Finishing up request with event=pause {"metadata":{"emulator":{"name":"functions"},"function":{"name":"us-central1-createPaymentIntent"},"extension":{},"message":"Finishing up request with event=pause"}}
[info] i  functions: Finished "us-central1-createPaymentIntent" in 1218.6749ms {"metadata":{"emulator":{"name":"functions"},"function":{"name":"us-central1-createPaymentIntent"},"extension":{},"message":"Finished \"us-central1-createPaymentIntent\" in 1218.6749ms"}}
[debug] [2024-07-28T14:19:44.015Z] [worker-us-central1-createPaymentIntent-ccca5322-b417-4d43-9522-6c92aef89c5b]: IDLE {"metadata":{"emulator":{"name":"functions"},"function":{"name":"us-central1-createPaymentIntent"},"extension":{},"message":"[worker-us-central1-createPaymentIntent-ccca5322-b417-4d43-9522-6c92aef89c5b]: IDLE"}}
[debug] [2024-07-28T14:19:44.015Z] Finishing up request with event=finish {"metadata":{"emulator":{"name":"functions"},"function":{"name":"us-central1-createPaymentIntent"},"extension":{},"message":"Finishing up request with event=finish"}}
[debug] [2024-07-28T14:19:44.016Z] Finishing up request with event=close {"metadata":{"emulator":{"name":"functions"},"function":{"name":"us-central1-createPaymentIntent"},"extension":{},"message":"Finishing up request with event=close"}}
[debug] [2024-07-28T14:19:44.016Z] [work-queue] {"queuedWork":[],"queueLength":0,"runningWork":[],"workRunningCount":0}
[debug] [2024-07-28T14:20:46.618Z] [work-queue] {"queuedWork":["/edu-tech-a53de/us-central1/createPaymentIntent-2024-07-28T14:20:46.618Z"],"queueLength":1,"runningWork":[],"workRunningCount":0}
[debug] [2024-07-28T14:20:46.618Z] [work-queue] {"queuedWork":[],"queueLength":0,"runningWork":["/edu-tech-a53de/us-central1/createPaymentIntent-2024-07-28T14:20:46.618Z"],"workRunningCount":1}
[debug] [2024-07-28T14:20:46.618Z] Accepted request OPTIONS /edu-tech-a53de/us-central1/createPaymentIntent --> us-central1-createPaymentIntent
[debug] [2024-07-28T14:20:46.634Z] [functions] Runtime ready! Sending request! {"metadata":{"emulator":{"name":"functions"},"message":"[functions] Runtime ready! Sending request!"}}
[debug] [2024-07-28T14:20:46.634Z] [functions] Got req.url=/edu-tech-a53de/us-central1/createPaymentIntent, mapping to path=/ {"metadata":{"emulator":{"name":"functions"},"message":"[functions] Got req.url=/edu-tech-a53de/us-central1/createPaymentIntent, mapping to path=/"}}
[debug] [2024-07-28T14:20:46.634Z] [worker-pool] submitRequest(triggerId=us-central1-createPaymentIntent) {"metadata":{"emulator":{"name":"functions"},"message":"[worker-pool] submitRequest(triggerId=us-central1-createPaymentIntent)"}}
[info] i  functions: Beginning execution of "us-central1-createPaymentIntent" {"metadata":{"emulator":{"name":"functions"},"function":{"name":"us-central1-createPaymentIntent"},"extension":{},"message":"Beginning execution of \"us-central1-createPaymentIntent\""}}
[debug] [2024-07-28T14:20:46.635Z] [worker-us-central1-createPaymentIntent-ccca5322-b417-4d43-9522-6c92aef89c5b]: BUSY {"metadata":{"emulator":{"name":"functions"},"function":{"name":"us-central1-createPaymentIntent"},"extension":{},"message":"[worker-us-central1-createPaymentIntent-ccca5322-b417-4d43-9522-6c92aef89c5b]: BUSY"}}
[debug] [2024-07-28T14:20:46.641Z] Finishing up request with event=pause {"metadata":{"emulator":{"name":"functions"},"function":{"name":"us-central1-createPaymentIntent"},"extension":{},"message":"Finishing up request with event=pause"}}
[info] i  functions: Finished "us-central1-createPaymentIntent" in 6.4232ms {"metadata":{"emulator":{"name":"functions"},"function":{"name":"us-central1-createPaymentIntent"},"extension":{},"message":"Finished \"us-central1-createPaymentIntent\" in 6.4232ms"}}
[debug] [2024-07-28T14:20:46.645Z] [worker-us-central1-createPaymentIntent-ccca5322-b417-4d43-9522-6c92aef89c5b]: IDLE {"metadata":{"emulator":{"name":"functions"},"function":{"name":"us-central1-createPaymentIntent"},"extension":{},"message":"[worker-us-central1-createPaymentIntent-ccca5322-b417-4d43-9522-6c92aef89c5b]: IDLE"}}
[debug] [2024-07-28T14:20:46.645Z] Finishing up request with event=finish {"metadata":{"emulator":{"name":"functions"},"function":{"name":"us-central1-createPaymentIntent"},"extension":{},"message":"Finishing up request with event=finish"}}
[debug] [2024-07-28T14:20:46.645Z] Finishing up request with event=close {"metadata":{"emulator":{"name":"functions"},"function":{"name":"us-central1-createPaymentIntent"},"extension":{},"message":"Finishing up request with event=close"}}
[debug] [2024-07-28T14:20:46.646Z] [work-queue] {"queuedWork":[],"queueLength":0,"runningWork":[],"workRunningCount":0}
[debug] [2024-07-28T14:20:46.648Z] [work-queue] {"queuedWork":["/edu-tech-a53de/us-central1/createPaymentIntent-2024-07-28T14:20:46.648Z"],"queueLength":1,"runningWork":[],"workRunningCount":0}
[debug] [2024-07-28T14:20:46.648Z] [work-queue] {"queuedWork":[],"queueLength":0,"runningWork":["/edu-tech-a53de/us-central1/createPaymentIntent-2024-07-28T14:20:46.648Z"],"workRunningCount":1}
[debug] [2024-07-28T14:20:46.648Z] Accepted request POST /edu-tech-a53de/us-central1/createPaymentIntent --> us-central1-createPaymentIntent
[debug] [2024-07-28T14:20:46.653Z] [functions] Runtime ready! Sending request! {"metadata":{"emulator":{"name":"functions"},"message":"[functions] Runtime ready! Sending request!"}}
[debug] [2024-07-28T14:20:46.654Z] [functions] Got req.url=/edu-tech-a53de/us-central1/createPaymentIntent, mapping to path=/ {"metadata":{"emulator":{"name":"functions"},"message":"[functions] Got req.url=/edu-tech-a53de/us-central1/createPaymentIntent, mapping to path=/"}}
[debug] [2024-07-28T14:20:46.655Z] [worker-pool] submitRequest(triggerId=us-central1-createPaymentIntent) {"metadata":{"emulator":{"name":"functions"},"message":"[worker-pool] submitRequest(triggerId=us-central1-createPaymentIntent)"}}
[info] i  functions: Beginning execution of "us-central1-createPaymentIntent" {"metadata":{"emulator":{"name":"functions"},"function":{"name":"us-central1-createPaymentIntent"},"extension":{},"message":"Beginning execution of \"us-central1-createPaymentIntent\""}}
[debug] [2024-07-28T14:20:46.656Z] [worker-us-central1-createPaymentIntent-ccca5322-b417-4d43-9522-6c92aef89c5b]: BUSY {"metadata":{"emulator":{"name":"functions"},"function":{"name":"us-central1-createPaymentIntent"},"extension":{},"message":"[worker-us-central1-createPaymentIntent-ccca5322-b417-4d43-9522-6c92aef89c5b]: BUSY"}}
[debug] [2024-07-28T14:20:47.546Z] Finishing up request with event=pause {"metadata":{"emulator":{"name":"functions"},"function":{"name":"us-central1-createPaymentIntent"},"extension":{},"message":"Finishing up request with event=pause"}}
[info] i  functions: Finished "us-central1-createPaymentIntent" in 890.7497ms {"metadata":{"emulator":{"name":"functions"},"function":{"name":"us-central1-createPaymentIntent"},"extension":{},"message":"Finished \"us-central1-createPaymentIntent\" in 890.7497ms"}}
[debug] [2024-07-28T14:20:47.549Z] [worker-us-central1-createPaymentIntent-ccca5322-b417-4d43-9522-6c92aef89c5b]: IDLE {"metadata":{"emulator":{"name":"functions"},"function":{"name":"us-central1-createPaymentIntent"},"extension":{},"message":"[worker-us-central1-createPaymentIntent-ccca5322-b417-4d43-9522-6c92aef89c5b]: IDLE"}}
[debug] [2024-07-28T14:20:47.551Z] Finishing up request with event=finish {"metadata":{"emulator":{"name":"functions"},"function":{"name":"us-central1-createPaymentIntent"},"extension":{},"message":"Finishing up request with event=finish"}}
[debug] [2024-07-28T14:20:47.551Z] Finishing up request with event=close {"metadata":{"emulator":{"name":"functions"},"function":{"name":"us-central1-createPaymentIntent"},"extension":{},"message":"Finishing up request with event=close"}}
[debug] [2024-07-28T14:20:47.551Z] [work-queue] {"queuedWork":[],"queueLength":0,"runningWork":[],"workRunningCount":0}
[debug] [2024-07-28T14:23:06.255Z] [work-queue] {"queuedWork":["/edu-tech-a53de/us-central1/createPaymentIntent-2024-07-28T14:23:06.255Z"],"queueLength":1,"runningWork":[],"workRunningCount":0}
[debug] [2024-07-28T14:23:06.256Z] [work-queue] {"queuedWork":[],"queueLength":0,"runningWork":["/edu-tech-a53de/us-central1/createPaymentIntent-2024-07-28T14:23:06.255Z"],"workRunningCount":1}
[debug] [2024-07-28T14:23:06.256Z] Accepted request OPTIONS /edu-tech-a53de/us-central1/createPaymentIntent --> us-central1-createPaymentIntent
[debug] [2024-07-28T14:23:06.265Z] [functions] Runtime ready! Sending request! {"metadata":{"emulator":{"name":"functions"},"message":"[functions] Runtime ready! Sending request!"}}
[debug] [2024-07-28T14:23:06.266Z] [functions] Got req.url=/edu-tech-a53de/us-central1/createPaymentIntent, mapping to path=/ {"metadata":{"emulator":{"name":"functions"},"message":"[functions] Got req.url=/edu-tech-a53de/us-central1/createPaymentIntent, mapping to path=/"}}
[debug] [2024-07-28T14:23:06.277Z] [worker-pool] submitRequest(triggerId=us-central1-createPaymentIntent) {"metadata":{"emulator":{"name":"functions"},"message":"[worker-pool] submitRequest(triggerId=us-central1-createPaymentIntent)"}}
[info] i  functions: Beginning execution of "us-central1-createPaymentIntent" {"metadata":{"emulator":{"name":"functions"},"function":{"name":"us-central1-createPaymentIntent"},"extension":{},"message":"Beginning execution of \"us-central1-createPaymentIntent\""}}
[debug] [2024-07-28T14:23:06.282Z] [worker-us-central1-createPaymentIntent-ccca5322-b417-4d43-9522-6c92aef89c5b]: BUSY {"metadata":{"emulator":{"name":"functions"},"function":{"name":"us-central1-createPaymentIntent"},"extension":{},"message":"[worker-us-central1-createPaymentIntent-ccca5322-b417-4d43-9522-6c92aef89c5b]: BUSY"}}
[debug] [2024-07-28T14:23:06.309Z] Finishing up request with event=pause {"metadata":{"emulator":{"name":"functions"},"function":{"name":"us-central1-createPaymentIntent"},"extension":{},"message":"Finishing up request with event=pause"}}
[info] i  functions: Finished "us-central1-createPaymentIntent" in 28.0901ms {"metadata":{"emulator":{"name":"functions"},"function":{"name":"us-central1-createPaymentIntent"},"extension":{},"message":"Finished \"us-central1-createPaymentIntent\" in 28.0901ms"}}
[debug] [2024-07-28T14:23:06.313Z] [worker-us-central1-createPaymentIntent-ccca5322-b417-4d43-9522-6c92aef89c5b]: IDLE {"metadata":{"emulator":{"name":"functions"},"function":{"name":"us-central1-createPaymentIntent"},"extension":{},"message":"[worker-us-central1-createPaymentIntent-ccca5322-b417-4d43-9522-6c92aef89c5b]: IDLE"}}
[debug] [2024-07-28T14:23:06.313Z] Finishing up request with event=finish {"metadata":{"emulator":{"name":"functions"},"function":{"name":"us-central1-createPaymentIntent"},"extension":{},"message":"Finishing up request with event=finish"}}
[debug] [2024-07-28T14:23:06.313Z] Finishing up request with event=close {"metadata":{"emulator":{"name":"functions"},"function":{"name":"us-central1-createPaymentIntent"},"extension":{},"message":"Finishing up request with event=close"}}
[debug] [2024-07-28T14:23:06.313Z] [work-queue] {"queuedWork":[],"queueLength":0,"runningWork":[],"workRunningCount":0}
[debug] [2024-07-28T14:23:06.315Z] [work-queue] {"queuedWork":["/edu-tech-a53de/us-central1/createPaymentIntent-2024-07-28T14:23:06.315Z"],"queueLength":1,"runningWork":[],"workRunningCount":0}
[debug] [2024-07-28T14:23:06.316Z] [work-queue] {"queuedWork":[],"queueLength":0,"runningWork":["/edu-tech-a53de/us-central1/createPaymentIntent-2024-07-28T14:23:06.315Z"],"workRunningCount":1}
[debug] [2024-07-28T14:23:06.316Z] Accepted request POST /edu-tech-a53de/us-central1/createPaymentIntent --> us-central1-createPaymentIntent
[debug] [2024-07-28T14:23:06.325Z] [functions] Runtime ready! Sending request! {"metadata":{"emulator":{"name":"functions"},"message":"[functions] Runtime ready! Sending request!"}}
[debug] [2024-07-28T14:23:06.328Z] [functions] Got req.url=/edu-tech-a53de/us-central1/createPaymentIntent, mapping to path=/ {"metadata":{"emulator":{"name":"functions"},"message":"[functions] Got req.url=/edu-tech-a53de/us-central1/createPaymentIntent, mapping to path=/"}}
[debug] [2024-07-28T14:23:06.329Z] [worker-pool] submitRequest(triggerId=us-central1-createPaymentIntent) {"metadata":{"emulator":{"name":"functions"},"message":"[worker-pool] submitRequest(triggerId=us-central1-createPaymentIntent)"}}
[info] i  functions: Beginning execution of "us-central1-createPaymentIntent" {"metadata":{"emulator":{"name":"functions"},"function":{"name":"us-central1-createPaymentIntent"},"extension":{},"message":"Beginning execution of \"us-central1-createPaymentIntent\""}}
[debug] [2024-07-28T14:23:06.330Z] [worker-us-central1-createPaymentIntent-ccca5322-b417-4d43-9522-6c92aef89c5b]: BUSY {"metadata":{"emulator":{"name":"functions"},"function":{"name":"us-central1-createPaymentIntent"},"extension":{},"message":"[worker-us-central1-createPaymentIntent-ccca5322-b417-4d43-9522-6c92aef89c5b]: BUSY"}}
[debug] [2024-07-28T14:23:07.093Z] Finishing up request with event=pause {"metadata":{"emulator":{"name":"functions"},"function":{"name":"us-central1-createPaymentIntent"},"extension":{},"message":"Finishing up request with event=pause"}}
[info] i  functions: Finished "us-central1-createPaymentIntent" in 763.7581ms {"metadata":{"emulator":{"name":"functions"},"function":{"name":"us-central1-createPaymentIntent"},"extension":{},"message":"Finished \"us-central1-createPaymentIntent\" in 763.7581ms"}}
[debug] [2024-07-28T14:23:07.096Z] [worker-us-central1-createPaymentIntent-ccca5322-b417-4d43-9522-6c92aef89c5b]: IDLE {"metadata":{"emulator":{"name":"functions"},"function":{"name":"us-central1-createPaymentIntent"},"extension":{},"message":"[worker-us-central1-createPaymentIntent-ccca5322-b417-4d43-9522-6c92aef89c5b]: IDLE"}}
[debug] [2024-07-28T14:23:07.096Z] Finishing up request with event=finish {"metadata":{"emulator":{"name":"functions"},"function":{"name":"us-central1-createPaymentIntent"},"extension":{},"message":"Finishing up request with event=finish"}}
[debug] [2024-07-28T14:23:07.097Z] Finishing up request with event=close {"metadata":{"emulator":{"name":"functions"},"function":{"name":"us-central1-createPaymentIntent"},"extension":{},"message":"Finishing up request with event=close"}}
[debug] [2024-07-28T14:23:07.099Z] [work-queue] {"queuedWork":[],"queueLength":0,"runningWork":[],"workRunningCount":0}
